ARM GAS  C:\Users\pierc\AppData\Local\Temp\ccQpGFap.s 			page 1


   1              		.cpu cortex-m4
   2              		.eabi_attribute 27, 1
   3              		.eabi_attribute 28, 1
   4              		.eabi_attribute 20, 1
   5              		.eabi_attribute 21, 1
   6              		.eabi_attribute 23, 3
   7              		.eabi_attribute 24, 1
   8              		.eabi_attribute 25, 1
   9              		.eabi_attribute 26, 1
  10              		.eabi_attribute 30, 1
  11              		.eabi_attribute 34, 1
  12              		.eabi_attribute 18, 4
  13              		.file	"stm32f3xx_it.c"
  14              		.text
  15              	.Ltext0:
  16              		.cfi_sections	.debug_frame
  17              		.section	.text.NMI_Handler,"ax",%progbits
  18              		.align	1
  19              		.global	NMI_Handler
  20              		.arch armv7e-m
  21              		.syntax unified
  22              		.thumb
  23              		.thumb_func
  24              		.fpu fpv4-sp-d16
  26              	NMI_Handler:
  27              	.LFB130:
  28              		.file 1 "Core/Src/stm32f3xx_it.c"
   1:Core/Src/stm32f3xx_it.c **** /* USER CODE BEGIN Header */
   2:Core/Src/stm32f3xx_it.c **** /**
   3:Core/Src/stm32f3xx_it.c ****   ******************************************************************************
   4:Core/Src/stm32f3xx_it.c ****   * @file    stm32f3xx_it.c
   5:Core/Src/stm32f3xx_it.c ****   * @brief   Interrupt Service Routines.
   6:Core/Src/stm32f3xx_it.c ****   ******************************************************************************
   7:Core/Src/stm32f3xx_it.c ****   * @attention
   8:Core/Src/stm32f3xx_it.c ****   *
   9:Core/Src/stm32f3xx_it.c ****   * <h2><center>&copy; Copyright (c) 2020 STMicroelectronics.
  10:Core/Src/stm32f3xx_it.c ****   * All rights reserved.</center></h2>
  11:Core/Src/stm32f3xx_it.c ****   *
  12:Core/Src/stm32f3xx_it.c ****   * This software component is licensed by ST under BSD 3-Clause license,
  13:Core/Src/stm32f3xx_it.c ****   * the "License"; You may not use this file except in compliance with the
  14:Core/Src/stm32f3xx_it.c ****   * License. You may obtain a copy of the License at:
  15:Core/Src/stm32f3xx_it.c ****   *                        opensource.org/licenses/BSD-3-Clause
  16:Core/Src/stm32f3xx_it.c ****   *
  17:Core/Src/stm32f3xx_it.c ****   ******************************************************************************
  18:Core/Src/stm32f3xx_it.c ****   */
  19:Core/Src/stm32f3xx_it.c **** /* USER CODE END Header */
  20:Core/Src/stm32f3xx_it.c **** 
  21:Core/Src/stm32f3xx_it.c **** /* Includes ------------------------------------------------------------------*/
  22:Core/Src/stm32f3xx_it.c **** #include "main.h"
  23:Core/Src/stm32f3xx_it.c **** #include "stm32f3xx_it.h"
  24:Core/Src/stm32f3xx_it.c **** #include "MPU6050.h"
  25:Core/Src/stm32f3xx_it.c **** /* Private includes ----------------------------------------------------------*/
  26:Core/Src/stm32f3xx_it.c **** /* USER CODE BEGIN Includes */
  27:Core/Src/stm32f3xx_it.c **** /* USER CODE END Includes */
  28:Core/Src/stm32f3xx_it.c **** 
  29:Core/Src/stm32f3xx_it.c **** /* Private typedef -----------------------------------------------------------*/
  30:Core/Src/stm32f3xx_it.c **** /* USER CODE BEGIN TD */
ARM GAS  C:\Users\pierc\AppData\Local\Temp\ccQpGFap.s 			page 2


  31:Core/Src/stm32f3xx_it.c **** 
  32:Core/Src/stm32f3xx_it.c **** /* USER CODE END TD */
  33:Core/Src/stm32f3xx_it.c **** extern I2C_HandleTypeDef I2CHandle;
  34:Core/Src/stm32f3xx_it.c **** /* Private define ------------------------------------------------------------*/
  35:Core/Src/stm32f3xx_it.c **** /* USER CODE BEGIN PD */
  36:Core/Src/stm32f3xx_it.c **** 
  37:Core/Src/stm32f3xx_it.c **** /* USER CODE END PD */
  38:Core/Src/stm32f3xx_it.c **** 
  39:Core/Src/stm32f3xx_it.c **** /* Private macro -------------------------------------------------------------*/
  40:Core/Src/stm32f3xx_it.c **** /* USER CODE BEGIN PM */
  41:Core/Src/stm32f3xx_it.c **** 
  42:Core/Src/stm32f3xx_it.c **** /* USER CODE END PM */
  43:Core/Src/stm32f3xx_it.c **** 
  44:Core/Src/stm32f3xx_it.c **** /* Private variables ---------------------------------------------------------*/
  45:Core/Src/stm32f3xx_it.c **** /* USER CODE BEGIN PV */
  46:Core/Src/stm32f3xx_it.c **** 
  47:Core/Src/stm32f3xx_it.c **** /* USER CODE END PV */
  48:Core/Src/stm32f3xx_it.c **** 
  49:Core/Src/stm32f3xx_it.c **** /* Private function prototypes -----------------------------------------------*/
  50:Core/Src/stm32f3xx_it.c **** /* USER CODE BEGIN PFP */
  51:Core/Src/stm32f3xx_it.c **** 
  52:Core/Src/stm32f3xx_it.c **** /* USER CODE END PFP */
  53:Core/Src/stm32f3xx_it.c **** 
  54:Core/Src/stm32f3xx_it.c **** /* Private user code ---------------------------------------------------------*/
  55:Core/Src/stm32f3xx_it.c **** /* USER CODE BEGIN 0 */
  56:Core/Src/stm32f3xx_it.c **** 
  57:Core/Src/stm32f3xx_it.c **** /* USER CODE END 0 */
  58:Core/Src/stm32f3xx_it.c **** 
  59:Core/Src/stm32f3xx_it.c **** /* External variables --------------------------------------------------------*/
  60:Core/Src/stm32f3xx_it.c **** 
  61:Core/Src/stm32f3xx_it.c **** /* USER CODE BEGIN EV */
  62:Core/Src/stm32f3xx_it.c **** 
  63:Core/Src/stm32f3xx_it.c **** /* USER CODE END EV */
  64:Core/Src/stm32f3xx_it.c **** 
  65:Core/Src/stm32f3xx_it.c **** /******************************************************************************/
  66:Core/Src/stm32f3xx_it.c **** /*           Cortex-M4 Processor Interruption and Exception Handlers          */
  67:Core/Src/stm32f3xx_it.c **** /******************************************************************************/
  68:Core/Src/stm32f3xx_it.c **** /**
  69:Core/Src/stm32f3xx_it.c ****   * @brief This function handles Non maskable interrupt.
  70:Core/Src/stm32f3xx_it.c ****   */
  71:Core/Src/stm32f3xx_it.c **** void NMI_Handler(void)
  72:Core/Src/stm32f3xx_it.c **** {
  29              		.loc 1 72 1 view -0
  30              		.cfi_startproc
  31              		@ args = 0, pretend = 0, frame = 0
  32              		@ frame_needed = 0, uses_anonymous_args = 0
  33              		@ link register save eliminated.
  73:Core/Src/stm32f3xx_it.c ****   /* USER CODE BEGIN NonMaskableInt_IRQn 0 */
  74:Core/Src/stm32f3xx_it.c **** 
  75:Core/Src/stm32f3xx_it.c ****   /* USER CODE END NonMaskableInt_IRQn 0 */
  76:Core/Src/stm32f3xx_it.c ****   /* USER CODE BEGIN NonMaskableInt_IRQn 1 */
  77:Core/Src/stm32f3xx_it.c **** 
  78:Core/Src/stm32f3xx_it.c ****   /* USER CODE END NonMaskableInt_IRQn 1 */
  79:Core/Src/stm32f3xx_it.c **** }
  34              		.loc 1 79 1 view .LVU1
  35 0000 7047     		bx	lr
  36              		.cfi_endproc
ARM GAS  C:\Users\pierc\AppData\Local\Temp\ccQpGFap.s 			page 3


  37              	.LFE130:
  39              		.section	.text.HardFault_Handler,"ax",%progbits
  40              		.align	1
  41              		.global	HardFault_Handler
  42              		.syntax unified
  43              		.thumb
  44              		.thumb_func
  45              		.fpu fpv4-sp-d16
  47              	HardFault_Handler:
  48              	.LFB131:
  80:Core/Src/stm32f3xx_it.c **** 
  81:Core/Src/stm32f3xx_it.c **** /**
  82:Core/Src/stm32f3xx_it.c ****   * @brief This function handles Hard fault interrupt.
  83:Core/Src/stm32f3xx_it.c ****   */
  84:Core/Src/stm32f3xx_it.c **** void HardFault_Handler(void)
  85:Core/Src/stm32f3xx_it.c **** {
  49              		.loc 1 85 1 view -0
  50              		.cfi_startproc
  51              		@ Volatile: function does not return.
  52              		@ args = 0, pretend = 0, frame = 0
  53              		@ frame_needed = 0, uses_anonymous_args = 0
  54              		@ link register save eliminated.
  55              	.L3:
  86:Core/Src/stm32f3xx_it.c ****   /* USER CODE BEGIN HardFault_IRQn 0 */
  87:Core/Src/stm32f3xx_it.c **** 
  88:Core/Src/stm32f3xx_it.c ****   /* USER CODE END HardFault_IRQn 0 */
  89:Core/Src/stm32f3xx_it.c ****   while (1)
  56              		.loc 1 89 3 discriminator 1 view .LVU3
  90:Core/Src/stm32f3xx_it.c ****   {
  91:Core/Src/stm32f3xx_it.c ****     /* USER CODE BEGIN W1_HardFault_IRQn 0 */
  92:Core/Src/stm32f3xx_it.c ****     /* USER CODE END W1_HardFault_IRQn 0 */
  93:Core/Src/stm32f3xx_it.c ****   }
  57              		.loc 1 93 3 discriminator 1 view .LVU4
  89:Core/Src/stm32f3xx_it.c ****   {
  58              		.loc 1 89 9 discriminator 1 view .LVU5
  59 0000 FEE7     		b	.L3
  60              		.cfi_endproc
  61              	.LFE131:
  63              		.section	.text.MemManage_Handler,"ax",%progbits
  64              		.align	1
  65              		.global	MemManage_Handler
  66              		.syntax unified
  67              		.thumb
  68              		.thumb_func
  69              		.fpu fpv4-sp-d16
  71              	MemManage_Handler:
  72              	.LFB132:
  94:Core/Src/stm32f3xx_it.c **** }
  95:Core/Src/stm32f3xx_it.c **** 
  96:Core/Src/stm32f3xx_it.c **** /**
  97:Core/Src/stm32f3xx_it.c ****   * @brief This function handles Memory management fault.
  98:Core/Src/stm32f3xx_it.c ****   */
  99:Core/Src/stm32f3xx_it.c **** void MemManage_Handler(void)
 100:Core/Src/stm32f3xx_it.c **** {
  73              		.loc 1 100 1 view -0
  74              		.cfi_startproc
  75              		@ Volatile: function does not return.
ARM GAS  C:\Users\pierc\AppData\Local\Temp\ccQpGFap.s 			page 4


  76              		@ args = 0, pretend = 0, frame = 0
  77              		@ frame_needed = 0, uses_anonymous_args = 0
  78              		@ link register save eliminated.
  79              	.L5:
 101:Core/Src/stm32f3xx_it.c ****   /* USER CODE BEGIN MemoryManagement_IRQn 0 */
 102:Core/Src/stm32f3xx_it.c **** 
 103:Core/Src/stm32f3xx_it.c ****   /* USER CODE END MemoryManagement_IRQn 0 */
 104:Core/Src/stm32f3xx_it.c ****   while (1)
  80              		.loc 1 104 3 discriminator 1 view .LVU7
 105:Core/Src/stm32f3xx_it.c ****   {
 106:Core/Src/stm32f3xx_it.c ****     /* USER CODE BEGIN W1_MemoryManagement_IRQn 0 */
 107:Core/Src/stm32f3xx_it.c ****     /* USER CODE END W1_MemoryManagement_IRQn 0 */
 108:Core/Src/stm32f3xx_it.c ****   }
  81              		.loc 1 108 3 discriminator 1 view .LVU8
 104:Core/Src/stm32f3xx_it.c ****   {
  82              		.loc 1 104 9 discriminator 1 view .LVU9
  83 0000 FEE7     		b	.L5
  84              		.cfi_endproc
  85              	.LFE132:
  87              		.section	.text.BusFault_Handler,"ax",%progbits
  88              		.align	1
  89              		.global	BusFault_Handler
  90              		.syntax unified
  91              		.thumb
  92              		.thumb_func
  93              		.fpu fpv4-sp-d16
  95              	BusFault_Handler:
  96              	.LFB133:
 109:Core/Src/stm32f3xx_it.c **** }
 110:Core/Src/stm32f3xx_it.c **** 
 111:Core/Src/stm32f3xx_it.c **** /**
 112:Core/Src/stm32f3xx_it.c ****   * @brief This function handles Pre-fetch fault, memory access fault.
 113:Core/Src/stm32f3xx_it.c ****   */
 114:Core/Src/stm32f3xx_it.c **** void BusFault_Handler(void)
 115:Core/Src/stm32f3xx_it.c **** {
  97              		.loc 1 115 1 view -0
  98              		.cfi_startproc
  99              		@ Volatile: function does not return.
 100              		@ args = 0, pretend = 0, frame = 0
 101              		@ frame_needed = 0, uses_anonymous_args = 0
 102              		@ link register save eliminated.
 103              	.L7:
 116:Core/Src/stm32f3xx_it.c ****   /* USER CODE BEGIN BusFault_IRQn 0 */
 117:Core/Src/stm32f3xx_it.c **** 
 118:Core/Src/stm32f3xx_it.c ****   /* USER CODE END BusFault_IRQn 0 */
 119:Core/Src/stm32f3xx_it.c ****   while (1)
 104              		.loc 1 119 3 discriminator 1 view .LVU11
 120:Core/Src/stm32f3xx_it.c ****   {
 121:Core/Src/stm32f3xx_it.c ****     /* USER CODE BEGIN W1_BusFault_IRQn 0 */
 122:Core/Src/stm32f3xx_it.c ****     /* USER CODE END W1_BusFault_IRQn 0 */
 123:Core/Src/stm32f3xx_it.c ****   }
 105              		.loc 1 123 3 discriminator 1 view .LVU12
 119:Core/Src/stm32f3xx_it.c ****   {
 106              		.loc 1 119 9 discriminator 1 view .LVU13
 107 0000 FEE7     		b	.L7
 108              		.cfi_endproc
 109              	.LFE133:
ARM GAS  C:\Users\pierc\AppData\Local\Temp\ccQpGFap.s 			page 5


 111              		.section	.text.UsageFault_Handler,"ax",%progbits
 112              		.align	1
 113              		.global	UsageFault_Handler
 114              		.syntax unified
 115              		.thumb
 116              		.thumb_func
 117              		.fpu fpv4-sp-d16
 119              	UsageFault_Handler:
 120              	.LFB134:
 124:Core/Src/stm32f3xx_it.c **** }
 125:Core/Src/stm32f3xx_it.c **** 
 126:Core/Src/stm32f3xx_it.c **** /**
 127:Core/Src/stm32f3xx_it.c ****   * @brief This function handles Undefined instruction or illegal state.
 128:Core/Src/stm32f3xx_it.c ****   */
 129:Core/Src/stm32f3xx_it.c **** void UsageFault_Handler(void)
 130:Core/Src/stm32f3xx_it.c **** {
 121              		.loc 1 130 1 view -0
 122              		.cfi_startproc
 123              		@ Volatile: function does not return.
 124              		@ args = 0, pretend = 0, frame = 0
 125              		@ frame_needed = 0, uses_anonymous_args = 0
 126              		@ link register save eliminated.
 127              	.L9:
 131:Core/Src/stm32f3xx_it.c ****   /* USER CODE BEGIN UsageFault_IRQn 0 */
 132:Core/Src/stm32f3xx_it.c **** 
 133:Core/Src/stm32f3xx_it.c ****   /* USER CODE END UsageFault_IRQn 0 */
 134:Core/Src/stm32f3xx_it.c ****   while (1)
 128              		.loc 1 134 3 discriminator 1 view .LVU15
 135:Core/Src/stm32f3xx_it.c ****   {
 136:Core/Src/stm32f3xx_it.c ****     /* USER CODE BEGIN W1_UsageFault_IRQn 0 */
 137:Core/Src/stm32f3xx_it.c ****     /* USER CODE END W1_UsageFault_IRQn 0 */
 138:Core/Src/stm32f3xx_it.c ****   }
 129              		.loc 1 138 3 discriminator 1 view .LVU16
 134:Core/Src/stm32f3xx_it.c ****   {
 130              		.loc 1 134 9 discriminator 1 view .LVU17
 131 0000 FEE7     		b	.L9
 132              		.cfi_endproc
 133              	.LFE134:
 135              		.section	.text.SVC_Handler,"ax",%progbits
 136              		.align	1
 137              		.global	SVC_Handler
 138              		.syntax unified
 139              		.thumb
 140              		.thumb_func
 141              		.fpu fpv4-sp-d16
 143              	SVC_Handler:
 144              	.LFB135:
 139:Core/Src/stm32f3xx_it.c **** }
 140:Core/Src/stm32f3xx_it.c **** 
 141:Core/Src/stm32f3xx_it.c **** /**
 142:Core/Src/stm32f3xx_it.c ****   * @brief This function handles System service call via SWI instruction.
 143:Core/Src/stm32f3xx_it.c ****   */
 144:Core/Src/stm32f3xx_it.c **** void SVC_Handler(void)
 145:Core/Src/stm32f3xx_it.c **** {
 145              		.loc 1 145 1 view -0
 146              		.cfi_startproc
 147              		@ args = 0, pretend = 0, frame = 0
ARM GAS  C:\Users\pierc\AppData\Local\Temp\ccQpGFap.s 			page 6


 148              		@ frame_needed = 0, uses_anonymous_args = 0
 149              		@ link register save eliminated.
 146:Core/Src/stm32f3xx_it.c ****   /* USER CODE BEGIN SVCall_IRQn 0 */
 147:Core/Src/stm32f3xx_it.c **** 
 148:Core/Src/stm32f3xx_it.c ****   /* USER CODE END SVCall_IRQn 0 */
 149:Core/Src/stm32f3xx_it.c ****   /* USER CODE BEGIN SVCall_IRQn 1 */
 150:Core/Src/stm32f3xx_it.c **** 
 151:Core/Src/stm32f3xx_it.c ****   /* USER CODE END SVCall_IRQn 1 */
 152:Core/Src/stm32f3xx_it.c **** }
 150              		.loc 1 152 1 view .LVU19
 151 0000 7047     		bx	lr
 152              		.cfi_endproc
 153              	.LFE135:
 155              		.section	.text.DebugMon_Handler,"ax",%progbits
 156              		.align	1
 157              		.global	DebugMon_Handler
 158              		.syntax unified
 159              		.thumb
 160              		.thumb_func
 161              		.fpu fpv4-sp-d16
 163              	DebugMon_Handler:
 164              	.LFB136:
 153:Core/Src/stm32f3xx_it.c **** 
 154:Core/Src/stm32f3xx_it.c **** /**
 155:Core/Src/stm32f3xx_it.c ****   * @brief This function handles Debug monitor.
 156:Core/Src/stm32f3xx_it.c ****   */
 157:Core/Src/stm32f3xx_it.c **** void DebugMon_Handler(void)
 158:Core/Src/stm32f3xx_it.c **** {
 165              		.loc 1 158 1 view -0
 166              		.cfi_startproc
 167              		@ args = 0, pretend = 0, frame = 0
 168              		@ frame_needed = 0, uses_anonymous_args = 0
 169              		@ link register save eliminated.
 159:Core/Src/stm32f3xx_it.c ****   /* USER CODE BEGIN DebugMonitor_IRQn 0 */
 160:Core/Src/stm32f3xx_it.c **** 
 161:Core/Src/stm32f3xx_it.c ****   /* USER CODE END DebugMonitor_IRQn 0 */
 162:Core/Src/stm32f3xx_it.c ****   /* USER CODE BEGIN DebugMonitor_IRQn 1 */
 163:Core/Src/stm32f3xx_it.c **** 
 164:Core/Src/stm32f3xx_it.c ****   /* USER CODE END DebugMonitor_IRQn 1 */
 165:Core/Src/stm32f3xx_it.c **** }
 170              		.loc 1 165 1 view .LVU21
 171 0000 7047     		bx	lr
 172              		.cfi_endproc
 173              	.LFE136:
 175              		.section	.text.PendSV_Handler,"ax",%progbits
 176              		.align	1
 177              		.global	PendSV_Handler
 178              		.syntax unified
 179              		.thumb
 180              		.thumb_func
 181              		.fpu fpv4-sp-d16
 183              	PendSV_Handler:
 184              	.LFB137:
 166:Core/Src/stm32f3xx_it.c **** 
 167:Core/Src/stm32f3xx_it.c **** /**
 168:Core/Src/stm32f3xx_it.c ****   * @brief This function handles Pendable request for system service.
 169:Core/Src/stm32f3xx_it.c ****   */
ARM GAS  C:\Users\pierc\AppData\Local\Temp\ccQpGFap.s 			page 7


 170:Core/Src/stm32f3xx_it.c **** void PendSV_Handler(void)
 171:Core/Src/stm32f3xx_it.c **** {
 185              		.loc 1 171 1 view -0
 186              		.cfi_startproc
 187              		@ args = 0, pretend = 0, frame = 0
 188              		@ frame_needed = 0, uses_anonymous_args = 0
 189              		@ link register save eliminated.
 172:Core/Src/stm32f3xx_it.c ****   /* USER CODE BEGIN PendSV_IRQn 0 */
 173:Core/Src/stm32f3xx_it.c **** 
 174:Core/Src/stm32f3xx_it.c ****   /* USER CODE END PendSV_IRQn 0 */
 175:Core/Src/stm32f3xx_it.c ****   /* USER CODE BEGIN PendSV_IRQn 1 */
 176:Core/Src/stm32f3xx_it.c **** 
 177:Core/Src/stm32f3xx_it.c ****   /* USER CODE END PendSV_IRQn 1 */
 178:Core/Src/stm32f3xx_it.c **** }
 190              		.loc 1 178 1 view .LVU23
 191 0000 7047     		bx	lr
 192              		.cfi_endproc
 193              	.LFE137:
 195              		.section	.text.SysTick_Handler,"ax",%progbits
 196              		.align	1
 197              		.global	SysTick_Handler
 198              		.syntax unified
 199              		.thumb
 200              		.thumb_func
 201              		.fpu fpv4-sp-d16
 203              	SysTick_Handler:
 204              	.LFB138:
 179:Core/Src/stm32f3xx_it.c **** 
 180:Core/Src/stm32f3xx_it.c **** /**
 181:Core/Src/stm32f3xx_it.c ****   * @brief This function handles System tick timer.
 182:Core/Src/stm32f3xx_it.c ****   */
 183:Core/Src/stm32f3xx_it.c **** void SysTick_Handler(void)
 184:Core/Src/stm32f3xx_it.c **** {
 205              		.loc 1 184 1 view -0
 206              		.cfi_startproc
 207              		@ args = 0, pretend = 0, frame = 0
 208              		@ frame_needed = 0, uses_anonymous_args = 0
 209 0000 08B5     		push	{r3, lr}
 210              	.LCFI0:
 211              		.cfi_def_cfa_offset 8
 212              		.cfi_offset 3, -8
 213              		.cfi_offset 14, -4
 185:Core/Src/stm32f3xx_it.c ****   /* USER CODE BEGIN SysTick_IRQn 0 */
 186:Core/Src/stm32f3xx_it.c **** 
 187:Core/Src/stm32f3xx_it.c ****   /* USER CODE END SysTick_IRQn 0 */
 188:Core/Src/stm32f3xx_it.c ****   HAL_IncTick();
 214              		.loc 1 188 3 view .LVU25
 215 0002 FFF7FEFF 		bl	HAL_IncTick
 216              	.LVL0:
 189:Core/Src/stm32f3xx_it.c ****   /* USER CODE BEGIN SysTick_IRQn 1 */
 190:Core/Src/stm32f3xx_it.c **** 
 191:Core/Src/stm32f3xx_it.c ****   /* USER CODE END SysTick_IRQn 1 */
 192:Core/Src/stm32f3xx_it.c **** }
 217              		.loc 1 192 1 is_stmt 0 view .LVU26
 218 0006 08BD     		pop	{r3, pc}
 219              		.cfi_endproc
 220              	.LFE138:
ARM GAS  C:\Users\pierc\AppData\Local\Temp\ccQpGFap.s 			page 8


 222              		.section	.text.EXTI3_IRQHandler,"ax",%progbits
 223              		.align	1
 224              		.global	EXTI3_IRQHandler
 225              		.syntax unified
 226              		.thumb
 227              		.thumb_func
 228              		.fpu fpv4-sp-d16
 230              	EXTI3_IRQHandler:
 231              	.LFB139:
 193:Core/Src/stm32f3xx_it.c **** void EXTI3_IRQHandler(void)
 194:Core/Src/stm32f3xx_it.c **** {
 232              		.loc 1 194 1 is_stmt 1 view -0
 233              		.cfi_startproc
 234              		@ args = 0, pretend = 0, frame = 0
 235              		@ frame_needed = 0, uses_anonymous_args = 0
 236 0000 08B5     		push	{r3, lr}
 237              	.LCFI1:
 238              		.cfi_def_cfa_offset 8
 239              		.cfi_offset 3, -8
 240              		.cfi_offset 14, -4
 195:Core/Src/stm32f3xx_it.c ****   HAL_GPIO_EXTI_IRQHandler(GPIO_PIN_3);
 241              		.loc 1 195 3 view .LVU28
 242 0002 0820     		movs	r0, #8
 243 0004 FFF7FEFF 		bl	HAL_GPIO_EXTI_IRQHandler
 244              	.LVL1:
 196:Core/Src/stm32f3xx_it.c **** }
 245              		.loc 1 196 1 is_stmt 0 view .LVU29
 246 0008 08BD     		pop	{r3, pc}
 247              		.cfi_endproc
 248              	.LFE139:
 250              		.section	.text.HAL_GPIO_EXTI_Callback,"ax",%progbits
 251              		.align	1
 252              		.global	HAL_GPIO_EXTI_Callback
 253              		.syntax unified
 254              		.thumb
 255              		.thumb_func
 256              		.fpu fpv4-sp-d16
 258              	HAL_GPIO_EXTI_Callback:
 259              	.LVL2:
 260              	.LFB140:
 197:Core/Src/stm32f3xx_it.c **** void HAL_GPIO_EXTI_Callback(uint16_t GPIO_Pin)
 198:Core/Src/stm32f3xx_it.c **** {
 261              		.loc 1 198 1 is_stmt 1 view -0
 262              		.cfi_startproc
 263              		@ args = 0, pretend = 0, frame = 0
 264              		@ frame_needed = 0, uses_anonymous_args = 0
 199:Core/Src/stm32f3xx_it.c ****   if(GPIO_Pin ==GPIO_PIN_3)
 265              		.loc 1 199 3 view .LVU31
 266              		.loc 1 199 5 is_stmt 0 view .LVU32
 267 0000 0828     		cmp	r0, #8
 268 0002 00D0     		beq	.L23
 269 0004 7047     		bx	lr
 270              	.L23:
 198:Core/Src/stm32f3xx_it.c ****   if(GPIO_Pin ==GPIO_PIN_3)
 271              		.loc 1 198 1 view .LVU33
 272 0006 08B5     		push	{r3, lr}
 273              	.LCFI2:
ARM GAS  C:\Users\pierc\AppData\Local\Temp\ccQpGFap.s 			page 9


 274              		.cfi_def_cfa_offset 8
 275              		.cfi_offset 3, -8
 276              		.cfi_offset 14, -4
 200:Core/Src/stm32f3xx_it.c ****   {
 201:Core/Src/stm32f3xx_it.c ****     MPU6050_Read_Accel();
 277              		.loc 1 201 5 is_stmt 1 view .LVU34
 278 0008 FFF7FEFF 		bl	MPU6050_Read_Accel
 279              	.LVL3:
 202:Core/Src/stm32f3xx_it.c ****   }
 203:Core/Src/stm32f3xx_it.c **** }
 280              		.loc 1 203 1 is_stmt 0 view .LVU35
 281 000c 08BD     		pop	{r3, pc}
 282              		.cfi_endproc
 283              	.LFE140:
 285              		.comm	ACCEL_X,4,4
 286              		.comm	ACCEL_X_RAW,2,2
 287              		.text
 288              	.Letext0:
 289              		.file 2 "c:\\stm32projects\\toolchain\\gcc-arm\\arm-none-eabi\\include\\machine\\_default_types.h"
 290              		.file 3 "c:\\stm32projects\\toolchain\\gcc-arm\\arm-none-eabi\\include\\sys\\_stdint.h"
 291              		.file 4 "Drivers/CMSIS/Include/core_cm4.h"
 292              		.file 5 "Drivers/CMSIS/Device/ST/STM32F3xx/Include/system_stm32f3xx.h"
 293              		.file 6 "Drivers/CMSIS/Device/ST/STM32F3xx/Include/stm32f303xe.h"
 294              		.file 7 "Drivers/STM32F3xx_HAL_Driver/Inc/stm32f3xx_hal_def.h"
 295              		.file 8 "Drivers/STM32F3xx_HAL_Driver/Inc/stm32f3xx_hal_dma.h"
 296              		.file 9 "Drivers/STM32F3xx_HAL_Driver/Inc/stm32f3xx_hal_i2c.h"
 297              		.file 10 "Drivers/STM32F3xx_HAL_Driver/Inc/stm32f3xx_hal.h"
 298              		.file 11 "Core/Inc/MPU6050.h"
 299              		.file 12 "Drivers/STM32F3xx_HAL_Driver/Inc/stm32f3xx_hal_gpio.h"
ARM GAS  C:\Users\pierc\AppData\Local\Temp\ccQpGFap.s 			page 10


DEFINED SYMBOLS
                            *ABS*:00000000 stm32f3xx_it.c
C:\Users\pierc\AppData\Local\Temp\ccQpGFap.s:18     .text.NMI_Handler:00000000 $t
C:\Users\pierc\AppData\Local\Temp\ccQpGFap.s:26     .text.NMI_Handler:00000000 NMI_Handler
C:\Users\pierc\AppData\Local\Temp\ccQpGFap.s:40     .text.HardFault_Handler:00000000 $t
C:\Users\pierc\AppData\Local\Temp\ccQpGFap.s:47     .text.HardFault_Handler:00000000 HardFault_Handler
C:\Users\pierc\AppData\Local\Temp\ccQpGFap.s:64     .text.MemManage_Handler:00000000 $t
C:\Users\pierc\AppData\Local\Temp\ccQpGFap.s:71     .text.MemManage_Handler:00000000 MemManage_Handler
C:\Users\pierc\AppData\Local\Temp\ccQpGFap.s:88     .text.BusFault_Handler:00000000 $t
C:\Users\pierc\AppData\Local\Temp\ccQpGFap.s:95     .text.BusFault_Handler:00000000 BusFault_Handler
C:\Users\pierc\AppData\Local\Temp\ccQpGFap.s:112    .text.UsageFault_Handler:00000000 $t
C:\Users\pierc\AppData\Local\Temp\ccQpGFap.s:119    .text.UsageFault_Handler:00000000 UsageFault_Handler
C:\Users\pierc\AppData\Local\Temp\ccQpGFap.s:136    .text.SVC_Handler:00000000 $t
C:\Users\pierc\AppData\Local\Temp\ccQpGFap.s:143    .text.SVC_Handler:00000000 SVC_Handler
C:\Users\pierc\AppData\Local\Temp\ccQpGFap.s:156    .text.DebugMon_Handler:00000000 $t
C:\Users\pierc\AppData\Local\Temp\ccQpGFap.s:163    .text.DebugMon_Handler:00000000 DebugMon_Handler
C:\Users\pierc\AppData\Local\Temp\ccQpGFap.s:176    .text.PendSV_Handler:00000000 $t
C:\Users\pierc\AppData\Local\Temp\ccQpGFap.s:183    .text.PendSV_Handler:00000000 PendSV_Handler
C:\Users\pierc\AppData\Local\Temp\ccQpGFap.s:196    .text.SysTick_Handler:00000000 $t
C:\Users\pierc\AppData\Local\Temp\ccQpGFap.s:203    .text.SysTick_Handler:00000000 SysTick_Handler
C:\Users\pierc\AppData\Local\Temp\ccQpGFap.s:223    .text.EXTI3_IRQHandler:00000000 $t
C:\Users\pierc\AppData\Local\Temp\ccQpGFap.s:230    .text.EXTI3_IRQHandler:00000000 EXTI3_IRQHandler
C:\Users\pierc\AppData\Local\Temp\ccQpGFap.s:251    .text.HAL_GPIO_EXTI_Callback:00000000 $t
C:\Users\pierc\AppData\Local\Temp\ccQpGFap.s:258    .text.HAL_GPIO_EXTI_Callback:00000000 HAL_GPIO_EXTI_Callback
                            *COM*:00000004 ACCEL_X
                            *COM*:00000002 ACCEL_X_RAW

UNDEFINED SYMBOLS
HAL_IncTick
HAL_GPIO_EXTI_IRQHandler
MPU6050_Read_Accel
