ARM GAS  C:\Users\pierc\AppData\Local\Temp\cc7EF5v5.s 			page 1


   1              		.cpu cortex-m4
   2              		.eabi_attribute 27, 1
   3              		.eabi_attribute 28, 1
   4              		.eabi_attribute 20, 1
   5              		.eabi_attribute 21, 1
   6              		.eabi_attribute 23, 3
   7              		.eabi_attribute 24, 1
   8              		.eabi_attribute 25, 1
   9              		.eabi_attribute 26, 1
  10              		.eabi_attribute 30, 1
  11              		.eabi_attribute 34, 1
  12              		.eabi_attribute 18, 4
  13              		.file	"stm32f3xx_hal_msp.c"
  14              		.text
  15              	.Ltext0:
  16              		.cfi_sections	.debug_frame
  17              		.section	.text.HAL_MspInit,"ax",%progbits
  18              		.align	1
  19              		.global	HAL_MspInit
  20              		.arch armv7e-m
  21              		.syntax unified
  22              		.thumb
  23              		.thumb_func
  24              		.fpu fpv4-sp-d16
  26              	HAL_MspInit:
  27              	.LFB130:
  28              		.file 1 "Core/Src/stm32f3xx_hal_msp.c"
   1:Core/Src/stm32f3xx_hal_msp.c **** /* USER CODE BEGIN Header */
   2:Core/Src/stm32f3xx_hal_msp.c **** /**
   3:Core/Src/stm32f3xx_hal_msp.c ****   ******************************************************************************
   4:Core/Src/stm32f3xx_hal_msp.c ****   * File Name          : stm32f3xx_hal_msp.c
   5:Core/Src/stm32f3xx_hal_msp.c ****   * Description        : This file provides code for the MSP Initialization
   6:Core/Src/stm32f3xx_hal_msp.c ****   *                      and de-Initialization codes.
   7:Core/Src/stm32f3xx_hal_msp.c ****   ******************************************************************************
   8:Core/Src/stm32f3xx_hal_msp.c ****   * @attention
   9:Core/Src/stm32f3xx_hal_msp.c ****   *
  10:Core/Src/stm32f3xx_hal_msp.c ****   * <h2><center>&copy; Copyright (c) 2020 STMicroelectronics.
  11:Core/Src/stm32f3xx_hal_msp.c ****   * All rights reserved.</center></h2>
  12:Core/Src/stm32f3xx_hal_msp.c ****   *
  13:Core/Src/stm32f3xx_hal_msp.c ****   * This software component is licensed by ST under BSD 3-Clause license,
  14:Core/Src/stm32f3xx_hal_msp.c ****   * the "License"; You may not use this file except in compliance with the
  15:Core/Src/stm32f3xx_hal_msp.c ****   * License. You may obtain a copy of the License at:
  16:Core/Src/stm32f3xx_hal_msp.c ****   *                        opensource.org/licenses/BSD-3-Clause
  17:Core/Src/stm32f3xx_hal_msp.c ****   *
  18:Core/Src/stm32f3xx_hal_msp.c ****   ******************************************************************************
  19:Core/Src/stm32f3xx_hal_msp.c ****   */
  20:Core/Src/stm32f3xx_hal_msp.c **** /* USER CODE END Header */
  21:Core/Src/stm32f3xx_hal_msp.c **** 
  22:Core/Src/stm32f3xx_hal_msp.c **** /* Includes ------------------------------------------------------------------*/
  23:Core/Src/stm32f3xx_hal_msp.c **** #include "main.h"
  24:Core/Src/stm32f3xx_hal_msp.c **** /* USER CODE BEGIN Includes */
  25:Core/Src/stm32f3xx_hal_msp.c **** 
  26:Core/Src/stm32f3xx_hal_msp.c **** /* USER CODE END Includes */
  27:Core/Src/stm32f3xx_hal_msp.c **** 
  28:Core/Src/stm32f3xx_hal_msp.c **** /* Private typedef -----------------------------------------------------------*/
  29:Core/Src/stm32f3xx_hal_msp.c **** /* USER CODE BEGIN TD */
  30:Core/Src/stm32f3xx_hal_msp.c **** 
ARM GAS  C:\Users\pierc\AppData\Local\Temp\cc7EF5v5.s 			page 2


  31:Core/Src/stm32f3xx_hal_msp.c **** /* USER CODE END TD */
  32:Core/Src/stm32f3xx_hal_msp.c **** 
  33:Core/Src/stm32f3xx_hal_msp.c **** /* Private define ------------------------------------------------------------*/
  34:Core/Src/stm32f3xx_hal_msp.c **** /* USER CODE BEGIN Define */
  35:Core/Src/stm32f3xx_hal_msp.c **** 
  36:Core/Src/stm32f3xx_hal_msp.c **** /* USER CODE END Define */
  37:Core/Src/stm32f3xx_hal_msp.c **** 
  38:Core/Src/stm32f3xx_hal_msp.c **** /* Private macro -------------------------------------------------------------*/
  39:Core/Src/stm32f3xx_hal_msp.c **** /* USER CODE BEGIN Macro */
  40:Core/Src/stm32f3xx_hal_msp.c **** 
  41:Core/Src/stm32f3xx_hal_msp.c **** /* USER CODE END Macro */
  42:Core/Src/stm32f3xx_hal_msp.c **** 
  43:Core/Src/stm32f3xx_hal_msp.c **** /* Private variables ---------------------------------------------------------*/
  44:Core/Src/stm32f3xx_hal_msp.c **** /* USER CODE BEGIN PV */
  45:Core/Src/stm32f3xx_hal_msp.c **** 
  46:Core/Src/stm32f3xx_hal_msp.c **** /* USER CODE END PV */
  47:Core/Src/stm32f3xx_hal_msp.c **** 
  48:Core/Src/stm32f3xx_hal_msp.c **** /* Private function prototypes -----------------------------------------------*/
  49:Core/Src/stm32f3xx_hal_msp.c **** /* USER CODE BEGIN PFP */
  50:Core/Src/stm32f3xx_hal_msp.c **** 
  51:Core/Src/stm32f3xx_hal_msp.c **** /* USER CODE END PFP */
  52:Core/Src/stm32f3xx_hal_msp.c **** 
  53:Core/Src/stm32f3xx_hal_msp.c **** /* External functions --------------------------------------------------------*/
  54:Core/Src/stm32f3xx_hal_msp.c **** /* USER CODE BEGIN ExternalFunctions */
  55:Core/Src/stm32f3xx_hal_msp.c **** 
  56:Core/Src/stm32f3xx_hal_msp.c **** /* USER CODE END ExternalFunctions */
  57:Core/Src/stm32f3xx_hal_msp.c **** 
  58:Core/Src/stm32f3xx_hal_msp.c **** /* USER CODE BEGIN 0 */
  59:Core/Src/stm32f3xx_hal_msp.c **** 
  60:Core/Src/stm32f3xx_hal_msp.c **** /* USER CODE END 0 */
  61:Core/Src/stm32f3xx_hal_msp.c **** /**
  62:Core/Src/stm32f3xx_hal_msp.c ****   * Initializes the Global MSP.
  63:Core/Src/stm32f3xx_hal_msp.c ****   */
  64:Core/Src/stm32f3xx_hal_msp.c **** void HAL_MspInit(void)
  65:Core/Src/stm32f3xx_hal_msp.c **** {
  29              		.loc 1 65 1 view -0
  30              		.cfi_startproc
  31              		@ args = 0, pretend = 0, frame = 8
  32              		@ frame_needed = 0, uses_anonymous_args = 0
  33              		@ link register save eliminated.
  34 0000 82B0     		sub	sp, sp, #8
  35              	.LCFI0:
  36              		.cfi_def_cfa_offset 8
  66:Core/Src/stm32f3xx_hal_msp.c ****   /* USER CODE BEGIN MspInit 0 */
  67:Core/Src/stm32f3xx_hal_msp.c **** 
  68:Core/Src/stm32f3xx_hal_msp.c ****   /* USER CODE END MspInit 0 */
  69:Core/Src/stm32f3xx_hal_msp.c **** 
  70:Core/Src/stm32f3xx_hal_msp.c ****   __HAL_RCC_SYSCFG_CLK_ENABLE();
  37              		.loc 1 70 3 view .LVU1
  38              	.LBB2:
  39              		.loc 1 70 3 view .LVU2
  40              		.loc 1 70 3 view .LVU3
  41 0002 0A4B     		ldr	r3, .L3
  42 0004 9A69     		ldr	r2, [r3, #24]
  43 0006 42F00102 		orr	r2, r2, #1
  44 000a 9A61     		str	r2, [r3, #24]
  45              		.loc 1 70 3 view .LVU4
ARM GAS  C:\Users\pierc\AppData\Local\Temp\cc7EF5v5.s 			page 3


  46 000c 9A69     		ldr	r2, [r3, #24]
  47 000e 02F00102 		and	r2, r2, #1
  48 0012 0092     		str	r2, [sp]
  49              		.loc 1 70 3 view .LVU5
  50 0014 009A     		ldr	r2, [sp]
  51              	.LBE2:
  52              		.loc 1 70 3 view .LVU6
  71:Core/Src/stm32f3xx_hal_msp.c ****   __HAL_RCC_PWR_CLK_ENABLE();
  53              		.loc 1 71 3 view .LVU7
  54              	.LBB3:
  55              		.loc 1 71 3 view .LVU8
  56              		.loc 1 71 3 view .LVU9
  57 0016 DA69     		ldr	r2, [r3, #28]
  58 0018 42F08052 		orr	r2, r2, #268435456
  59 001c DA61     		str	r2, [r3, #28]
  60              		.loc 1 71 3 view .LVU10
  61 001e DB69     		ldr	r3, [r3, #28]
  62 0020 03F08053 		and	r3, r3, #268435456
  63 0024 0193     		str	r3, [sp, #4]
  64              		.loc 1 71 3 view .LVU11
  65 0026 019B     		ldr	r3, [sp, #4]
  66              	.LBE3:
  67              		.loc 1 71 3 view .LVU12
  72:Core/Src/stm32f3xx_hal_msp.c **** 
  73:Core/Src/stm32f3xx_hal_msp.c ****   /* System interrupt init*/
  74:Core/Src/stm32f3xx_hal_msp.c **** 
  75:Core/Src/stm32f3xx_hal_msp.c ****   /* USER CODE BEGIN MspInit 1 */
  76:Core/Src/stm32f3xx_hal_msp.c **** 
  77:Core/Src/stm32f3xx_hal_msp.c ****   /* USER CODE END MspInit 1 */
  78:Core/Src/stm32f3xx_hal_msp.c **** }
  68              		.loc 1 78 1 is_stmt 0 view .LVU13
  69 0028 02B0     		add	sp, sp, #8
  70              	.LCFI1:
  71              		.cfi_def_cfa_offset 0
  72              		@ sp needed
  73 002a 7047     		bx	lr
  74              	.L4:
  75              		.align	2
  76              	.L3:
  77 002c 00100240 		.word	1073876992
  78              		.cfi_endproc
  79              	.LFE130:
  81              		.section	.text.HAL_ADC_MspInit,"ax",%progbits
  82              		.align	1
  83              		.global	HAL_ADC_MspInit
  84              		.syntax unified
  85              		.thumb
  86              		.thumb_func
  87              		.fpu fpv4-sp-d16
  89              	HAL_ADC_MspInit:
  90              	.LVL0:
  91              	.LFB131:
  79:Core/Src/stm32f3xx_hal_msp.c **** 
  80:Core/Src/stm32f3xx_hal_msp.c **** /**
  81:Core/Src/stm32f3xx_hal_msp.c **** * @brief ADC MSP Initialization
  82:Core/Src/stm32f3xx_hal_msp.c **** * This function configures the hardware resources used in this example
  83:Core/Src/stm32f3xx_hal_msp.c **** * @param hadc: ADC handle pointer
ARM GAS  C:\Users\pierc\AppData\Local\Temp\cc7EF5v5.s 			page 4


  84:Core/Src/stm32f3xx_hal_msp.c **** * @retval None
  85:Core/Src/stm32f3xx_hal_msp.c **** */
  86:Core/Src/stm32f3xx_hal_msp.c **** void HAL_ADC_MspInit(ADC_HandleTypeDef* hadc)
  87:Core/Src/stm32f3xx_hal_msp.c **** {
  92              		.loc 1 87 1 is_stmt 1 view -0
  93              		.cfi_startproc
  94              		@ args = 0, pretend = 0, frame = 32
  95              		@ frame_needed = 0, uses_anonymous_args = 0
  96              		.loc 1 87 1 is_stmt 0 view .LVU15
  97 0000 00B5     		push	{lr}
  98              	.LCFI2:
  99              		.cfi_def_cfa_offset 4
 100              		.cfi_offset 14, -4
 101 0002 89B0     		sub	sp, sp, #36
 102              	.LCFI3:
 103              		.cfi_def_cfa_offset 40
  88:Core/Src/stm32f3xx_hal_msp.c ****   GPIO_InitTypeDef GPIO_InitStruct = {0};
 104              		.loc 1 88 3 is_stmt 1 view .LVU16
 105              		.loc 1 88 20 is_stmt 0 view .LVU17
 106 0004 0023     		movs	r3, #0
 107 0006 0393     		str	r3, [sp, #12]
 108 0008 0493     		str	r3, [sp, #16]
 109 000a 0593     		str	r3, [sp, #20]
 110 000c 0693     		str	r3, [sp, #24]
 111 000e 0793     		str	r3, [sp, #28]
  89:Core/Src/stm32f3xx_hal_msp.c ****   if(hadc->Instance==ADC1)
 112              		.loc 1 89 3 is_stmt 1 view .LVU18
 113              		.loc 1 89 10 is_stmt 0 view .LVU19
 114 0010 0368     		ldr	r3, [r0]
 115              		.loc 1 89 5 view .LVU20
 116 0012 B3F1A04F 		cmp	r3, #1342177280
 117 0016 02D0     		beq	.L8
 118              	.LVL1:
 119              	.L5:
  90:Core/Src/stm32f3xx_hal_msp.c ****   {
  91:Core/Src/stm32f3xx_hal_msp.c ****   /* USER CODE BEGIN ADC1_MspInit 0 */
  92:Core/Src/stm32f3xx_hal_msp.c **** 
  93:Core/Src/stm32f3xx_hal_msp.c ****   /* USER CODE END ADC1_MspInit 0 */
  94:Core/Src/stm32f3xx_hal_msp.c ****     /* Peripheral clock enable */
  95:Core/Src/stm32f3xx_hal_msp.c ****     __HAL_RCC_ADC12_CLK_ENABLE();
  96:Core/Src/stm32f3xx_hal_msp.c **** 
  97:Core/Src/stm32f3xx_hal_msp.c ****     __HAL_RCC_GPIOA_CLK_ENABLE();
  98:Core/Src/stm32f3xx_hal_msp.c ****     /**ADC1 GPIO Configuration
  99:Core/Src/stm32f3xx_hal_msp.c ****     PA0     ------> ADC1_IN1
 100:Core/Src/stm32f3xx_hal_msp.c ****     */
 101:Core/Src/stm32f3xx_hal_msp.c ****     GPIO_InitStruct.Pin = GPIO_PIN_0;
 102:Core/Src/stm32f3xx_hal_msp.c ****     GPIO_InitStruct.Mode = GPIO_MODE_ANALOG;
 103:Core/Src/stm32f3xx_hal_msp.c ****     GPIO_InitStruct.Pull = GPIO_NOPULL;
 104:Core/Src/stm32f3xx_hal_msp.c ****     HAL_GPIO_Init(GPIOA, &GPIO_InitStruct);
 105:Core/Src/stm32f3xx_hal_msp.c **** 
 106:Core/Src/stm32f3xx_hal_msp.c ****   /* USER CODE BEGIN ADC1_MspInit 1 */
 107:Core/Src/stm32f3xx_hal_msp.c **** 
 108:Core/Src/stm32f3xx_hal_msp.c ****   /* USER CODE END ADC1_MspInit 1 */
 109:Core/Src/stm32f3xx_hal_msp.c ****   }
 110:Core/Src/stm32f3xx_hal_msp.c **** 
 111:Core/Src/stm32f3xx_hal_msp.c **** }
 120              		.loc 1 111 1 view .LVU21
ARM GAS  C:\Users\pierc\AppData\Local\Temp\cc7EF5v5.s 			page 5


 121 0018 09B0     		add	sp, sp, #36
 122              	.LCFI4:
 123              		.cfi_remember_state
 124              		.cfi_def_cfa_offset 4
 125              		@ sp needed
 126 001a 5DF804FB 		ldr	pc, [sp], #4
 127              	.LVL2:
 128              	.L8:
 129              	.LCFI5:
 130              		.cfi_restore_state
  95:Core/Src/stm32f3xx_hal_msp.c **** 
 131              		.loc 1 95 5 is_stmt 1 view .LVU22
 132              	.LBB4:
  95:Core/Src/stm32f3xx_hal_msp.c **** 
 133              		.loc 1 95 5 view .LVU23
  95:Core/Src/stm32f3xx_hal_msp.c **** 
 134              		.loc 1 95 5 view .LVU24
 135 001e 03F17043 		add	r3, r3, #-268435456
 136 0022 03F50433 		add	r3, r3, #135168
 137 0026 5A69     		ldr	r2, [r3, #20]
 138 0028 42F08052 		orr	r2, r2, #268435456
 139 002c 5A61     		str	r2, [r3, #20]
  95:Core/Src/stm32f3xx_hal_msp.c **** 
 140              		.loc 1 95 5 view .LVU25
 141 002e 5A69     		ldr	r2, [r3, #20]
 142 0030 02F08052 		and	r2, r2, #268435456
 143 0034 0192     		str	r2, [sp, #4]
  95:Core/Src/stm32f3xx_hal_msp.c **** 
 144              		.loc 1 95 5 view .LVU26
 145 0036 019A     		ldr	r2, [sp, #4]
 146              	.LBE4:
  95:Core/Src/stm32f3xx_hal_msp.c **** 
 147              		.loc 1 95 5 view .LVU27
  97:Core/Src/stm32f3xx_hal_msp.c ****     /**ADC1 GPIO Configuration
 148              		.loc 1 97 5 view .LVU28
 149              	.LBB5:
  97:Core/Src/stm32f3xx_hal_msp.c ****     /**ADC1 GPIO Configuration
 150              		.loc 1 97 5 view .LVU29
  97:Core/Src/stm32f3xx_hal_msp.c ****     /**ADC1 GPIO Configuration
 151              		.loc 1 97 5 view .LVU30
 152 0038 5A69     		ldr	r2, [r3, #20]
 153 003a 42F40032 		orr	r2, r2, #131072
 154 003e 5A61     		str	r2, [r3, #20]
  97:Core/Src/stm32f3xx_hal_msp.c ****     /**ADC1 GPIO Configuration
 155              		.loc 1 97 5 view .LVU31
 156 0040 5B69     		ldr	r3, [r3, #20]
 157 0042 03F40033 		and	r3, r3, #131072
 158 0046 0293     		str	r3, [sp, #8]
  97:Core/Src/stm32f3xx_hal_msp.c ****     /**ADC1 GPIO Configuration
 159              		.loc 1 97 5 view .LVU32
 160 0048 029B     		ldr	r3, [sp, #8]
 161              	.LBE5:
  97:Core/Src/stm32f3xx_hal_msp.c ****     /**ADC1 GPIO Configuration
 162              		.loc 1 97 5 view .LVU33
 101:Core/Src/stm32f3xx_hal_msp.c ****     GPIO_InitStruct.Mode = GPIO_MODE_ANALOG;
 163              		.loc 1 101 5 view .LVU34
 101:Core/Src/stm32f3xx_hal_msp.c ****     GPIO_InitStruct.Mode = GPIO_MODE_ANALOG;
ARM GAS  C:\Users\pierc\AppData\Local\Temp\cc7EF5v5.s 			page 6


 164              		.loc 1 101 25 is_stmt 0 view .LVU35
 165 004a 0123     		movs	r3, #1
 166 004c 0393     		str	r3, [sp, #12]
 102:Core/Src/stm32f3xx_hal_msp.c ****     GPIO_InitStruct.Pull = GPIO_NOPULL;
 167              		.loc 1 102 5 is_stmt 1 view .LVU36
 102:Core/Src/stm32f3xx_hal_msp.c ****     GPIO_InitStruct.Pull = GPIO_NOPULL;
 168              		.loc 1 102 26 is_stmt 0 view .LVU37
 169 004e 0323     		movs	r3, #3
 170 0050 0493     		str	r3, [sp, #16]
 103:Core/Src/stm32f3xx_hal_msp.c ****     HAL_GPIO_Init(GPIOA, &GPIO_InitStruct);
 171              		.loc 1 103 5 is_stmt 1 view .LVU38
 103:Core/Src/stm32f3xx_hal_msp.c ****     HAL_GPIO_Init(GPIOA, &GPIO_InitStruct);
 172              		.loc 1 103 26 is_stmt 0 view .LVU39
 173 0052 0023     		movs	r3, #0
 174 0054 0593     		str	r3, [sp, #20]
 104:Core/Src/stm32f3xx_hal_msp.c **** 
 175              		.loc 1 104 5 is_stmt 1 view .LVU40
 176 0056 03A9     		add	r1, sp, #12
 177 0058 4FF09040 		mov	r0, #1207959552
 178              	.LVL3:
 104:Core/Src/stm32f3xx_hal_msp.c **** 
 179              		.loc 1 104 5 is_stmt 0 view .LVU41
 180 005c FFF7FEFF 		bl	HAL_GPIO_Init
 181              	.LVL4:
 182              		.loc 1 111 1 view .LVU42
 183 0060 DAE7     		b	.L5
 184              		.cfi_endproc
 185              	.LFE131:
 187              		.section	.text.HAL_ADC_MspDeInit,"ax",%progbits
 188              		.align	1
 189              		.global	HAL_ADC_MspDeInit
 190              		.syntax unified
 191              		.thumb
 192              		.thumb_func
 193              		.fpu fpv4-sp-d16
 195              	HAL_ADC_MspDeInit:
 196              	.LVL5:
 197              	.LFB132:
 112:Core/Src/stm32f3xx_hal_msp.c **** 
 113:Core/Src/stm32f3xx_hal_msp.c **** /**
 114:Core/Src/stm32f3xx_hal_msp.c **** * @brief ADC MSP De-Initialization
 115:Core/Src/stm32f3xx_hal_msp.c **** * This function freeze the hardware resources used in this example
 116:Core/Src/stm32f3xx_hal_msp.c **** * @param hadc: ADC handle pointer
 117:Core/Src/stm32f3xx_hal_msp.c **** * @retval None
 118:Core/Src/stm32f3xx_hal_msp.c **** */
 119:Core/Src/stm32f3xx_hal_msp.c **** void HAL_ADC_MspDeInit(ADC_HandleTypeDef* hadc)
 120:Core/Src/stm32f3xx_hal_msp.c **** {
 198              		.loc 1 120 1 is_stmt 1 view -0
 199              		.cfi_startproc
 200              		@ args = 0, pretend = 0, frame = 0
 201              		@ frame_needed = 0, uses_anonymous_args = 0
 202              		.loc 1 120 1 is_stmt 0 view .LVU44
 203 0000 08B5     		push	{r3, lr}
 204              	.LCFI6:
 205              		.cfi_def_cfa_offset 8
 206              		.cfi_offset 3, -8
 207              		.cfi_offset 14, -4
ARM GAS  C:\Users\pierc\AppData\Local\Temp\cc7EF5v5.s 			page 7


 121:Core/Src/stm32f3xx_hal_msp.c ****   if(hadc->Instance==ADC1)
 208              		.loc 1 121 3 is_stmt 1 view .LVU45
 209              		.loc 1 121 10 is_stmt 0 view .LVU46
 210 0002 0368     		ldr	r3, [r0]
 211              		.loc 1 121 5 view .LVU47
 212 0004 B3F1A04F 		cmp	r3, #1342177280
 213 0008 00D0     		beq	.L12
 214              	.LVL6:
 215              	.L9:
 122:Core/Src/stm32f3xx_hal_msp.c ****   {
 123:Core/Src/stm32f3xx_hal_msp.c ****   /* USER CODE BEGIN ADC1_MspDeInit 0 */
 124:Core/Src/stm32f3xx_hal_msp.c **** 
 125:Core/Src/stm32f3xx_hal_msp.c ****   /* USER CODE END ADC1_MspDeInit 0 */
 126:Core/Src/stm32f3xx_hal_msp.c ****     /* Peripheral clock disable */
 127:Core/Src/stm32f3xx_hal_msp.c ****     __HAL_RCC_ADC12_CLK_DISABLE();
 128:Core/Src/stm32f3xx_hal_msp.c **** 
 129:Core/Src/stm32f3xx_hal_msp.c ****     /**ADC1 GPIO Configuration
 130:Core/Src/stm32f3xx_hal_msp.c ****     PA0     ------> ADC1_IN1
 131:Core/Src/stm32f3xx_hal_msp.c ****     */
 132:Core/Src/stm32f3xx_hal_msp.c ****     HAL_GPIO_DeInit(GPIOA, GPIO_PIN_0);
 133:Core/Src/stm32f3xx_hal_msp.c **** 
 134:Core/Src/stm32f3xx_hal_msp.c ****   /* USER CODE BEGIN ADC1_MspDeInit 1 */
 135:Core/Src/stm32f3xx_hal_msp.c **** 
 136:Core/Src/stm32f3xx_hal_msp.c ****   /* USER CODE END ADC1_MspDeInit 1 */
 137:Core/Src/stm32f3xx_hal_msp.c ****   }
 138:Core/Src/stm32f3xx_hal_msp.c **** 
 139:Core/Src/stm32f3xx_hal_msp.c **** }
 216              		.loc 1 139 1 view .LVU48
 217 000a 08BD     		pop	{r3, pc}
 218              	.LVL7:
 219              	.L12:
 127:Core/Src/stm32f3xx_hal_msp.c **** 
 220              		.loc 1 127 5 is_stmt 1 view .LVU49
 221 000c 054A     		ldr	r2, .L13
 222 000e 5369     		ldr	r3, [r2, #20]
 223 0010 23F08053 		bic	r3, r3, #268435456
 224 0014 5361     		str	r3, [r2, #20]
 132:Core/Src/stm32f3xx_hal_msp.c **** 
 225              		.loc 1 132 5 view .LVU50
 226 0016 0121     		movs	r1, #1
 227 0018 4FF09040 		mov	r0, #1207959552
 228              	.LVL8:
 132:Core/Src/stm32f3xx_hal_msp.c **** 
 229              		.loc 1 132 5 is_stmt 0 view .LVU51
 230 001c FFF7FEFF 		bl	HAL_GPIO_DeInit
 231              	.LVL9:
 232              		.loc 1 139 1 view .LVU52
 233 0020 F3E7     		b	.L9
 234              	.L14:
 235 0022 00BF     		.align	2
 236              	.L13:
 237 0024 00100240 		.word	1073876992
 238              		.cfi_endproc
 239              	.LFE132:
 241              		.text
 242              	.Letext0:
 243              		.file 2 "c:\\stm32projects\\toolchain\\gcc-arm\\arm-none-eabi\\include\\machine\\_default_types.h"
ARM GAS  C:\Users\pierc\AppData\Local\Temp\cc7EF5v5.s 			page 8


 244              		.file 3 "c:\\stm32projects\\toolchain\\gcc-arm\\arm-none-eabi\\include\\sys\\_stdint.h"
 245              		.file 4 "Drivers/CMSIS/Include/core_cm4.h"
 246              		.file 5 "Drivers/CMSIS/Device/ST/STM32F3xx/Include/system_stm32f3xx.h"
 247              		.file 6 "Drivers/CMSIS/Device/ST/STM32F3xx/Include/stm32f303xe.h"
 248              		.file 7 "Drivers/CMSIS/Device/ST/STM32F3xx/Include/stm32f3xx.h"
 249              		.file 8 "Drivers/STM32F3xx_HAL_Driver/Inc/stm32f3xx_hal_def.h"
 250              		.file 9 "Drivers/STM32F3xx_HAL_Driver/Inc/stm32f3xx_hal_gpio.h"
 251              		.file 10 "Drivers/STM32F3xx_HAL_Driver/Inc/stm32f3xx_hal_dma.h"
 252              		.file 11 "Drivers/STM32F3xx_HAL_Driver/Inc/stm32f3xx_hal_adc_ex.h"
 253              		.file 12 "Drivers/STM32F3xx_HAL_Driver/Inc/stm32f3xx_hal_adc.h"
 254              		.file 13 "Drivers/STM32F3xx_HAL_Driver/Inc/stm32f3xx_hal.h"
ARM GAS  C:\Users\pierc\AppData\Local\Temp\cc7EF5v5.s 			page 9


DEFINED SYMBOLS
                            *ABS*:00000000 stm32f3xx_hal_msp.c
C:\Users\pierc\AppData\Local\Temp\cc7EF5v5.s:18     .text.HAL_MspInit:00000000 $t
C:\Users\pierc\AppData\Local\Temp\cc7EF5v5.s:26     .text.HAL_MspInit:00000000 HAL_MspInit
C:\Users\pierc\AppData\Local\Temp\cc7EF5v5.s:77     .text.HAL_MspInit:0000002c $d
C:\Users\pierc\AppData\Local\Temp\cc7EF5v5.s:82     .text.HAL_ADC_MspInit:00000000 $t
C:\Users\pierc\AppData\Local\Temp\cc7EF5v5.s:89     .text.HAL_ADC_MspInit:00000000 HAL_ADC_MspInit
C:\Users\pierc\AppData\Local\Temp\cc7EF5v5.s:188    .text.HAL_ADC_MspDeInit:00000000 $t
C:\Users\pierc\AppData\Local\Temp\cc7EF5v5.s:195    .text.HAL_ADC_MspDeInit:00000000 HAL_ADC_MspDeInit
C:\Users\pierc\AppData\Local\Temp\cc7EF5v5.s:237    .text.HAL_ADC_MspDeInit:00000024 $d

UNDEFINED SYMBOLS
HAL_GPIO_Init
HAL_GPIO_DeInit
